<?xml version="1.0" encoding="UTF-8"?>
<testng-results ignored="0" total="2" passed="2" failed="0" skipped="0">
  <reporter-output>
  </reporter-output>
  <suite started-at="2021-11-01T11:56:53 IST" name="Default suite" finished-at="2021-11-01T11:58:06 IST" duration-ms="72805">
    <groups>
    </groups>
    <test started-at="2021-11-01T11:56:53 IST" name="Default test" finished-at="2021-11-01T11:58:06 IST" duration-ms="72805">
      <class name="com.rapl.testcases.TestCasesPage">
        <test-method is-config="true" signature="startApplication()[pri:0, instance:com.rapl.testcases.TestCasesPage@1bd4fdd]" started-at="2021-11-01T11:56:53 IST" name="startApplication" finished-at="2021-11-01T11:57:02 IST" duration-ms="9295" status="PASS">
          <reporter-output>
          </reporter-output>
        </test-method> <!-- startApplication -->
        <test-method signature="loginRapl()[pri:0, instance:com.rapl.testcases.TestCasesPage@1bd4fdd]" started-at="2021-11-01T11:57:02 IST" name="loginRapl" finished-at="2021-11-01T11:57:03 IST" duration-ms="1087" status="PASS">
          <reporter-output>
          </reporter-output>
        </test-method> <!-- loginRapl -->
        <test-method signature="createFeedback()[pri:2, instance:com.rapl.testcases.TestCasesPage@1bd4fdd]" started-at="2021-11-01T11:57:03 IST" name="createFeedback" finished-at="2021-11-01T11:58:03 IST" duration-ms="60244" status="PASS">
          <reporter-output>
          </reporter-output>
        </test-method> <!-- createFeedback -->
        <test-method is-config="true" signature="quitBrowser()[pri:0, instance:com.rapl.testcases.TestCasesPage@1bd4fdd]" started-at="2021-11-01T11:58:03 IST" name="quitBrowser" finished-at="2021-11-01T11:58:06 IST" duration-ms="2106" status="PASS">
          <reporter-output>
          </reporter-output>
        </test-method> <!-- quitBrowser -->
      </class> <!-- com.rapl.testcases.TestCasesPage -->
    </test> <!-- Default test -->
  </suite> <!-- Default suite -->
</testng-results>
