<?xml version="1.0" encoding="UTF-8"?>
<testng-results ignored="0" total="2" passed="2" failed="0" skipped="0">
  <reporter-output>
  </reporter-output>
  <suite started-at="2021-11-13T19:27:09 IST" name="Default suite" finished-at="2021-11-13T19:28:43 IST" duration-ms="94852">
    <groups>
    </groups>
    <test started-at="2021-11-13T19:27:09 IST" name="Default test" finished-at="2021-11-13T19:28:43 IST" duration-ms="94852">
      <class name="com.rapl.testcases.TestCasesPage">
        <test-method is-config="true" signature="startApplication()[pri:0, instance:com.rapl.testcases.TestCasesPage@1bd4fdd]" started-at="2021-11-13T19:27:09 IST" name="startApplication" finished-at="2021-11-13T19:27:16 IST" duration-ms="7092" status="PASS">
          <reporter-output>
          </reporter-output>
        </test-method> <!-- startApplication -->
        <test-method signature="loginRapl()[pri:0, instance:com.rapl.testcases.TestCasesPage@1bd4fdd]" started-at="2021-11-13T19:27:16 IST" name="loginRapl" finished-at="2021-11-13T19:27:17 IST" duration-ms="1091" status="PASS">
          <reporter-output>
          </reporter-output>
        </test-method> <!-- loginRapl -->
        <test-method signature="createFeedback()[pri:2, instance:com.rapl.testcases.TestCasesPage@1bd4fdd]" started-at="2021-11-13T19:27:17 IST" name="createFeedback" finished-at="2021-11-13T19:28:43 IST" duration-ms="86478" status="PASS">
          <reporter-output>
          </reporter-output>
        </test-method> <!-- createFeedback -->
        <test-method is-config="true" signature="quitBrowser()[pri:0, instance:com.rapl.testcases.TestCasesPage@1bd4fdd]" started-at="2021-11-13T19:28:43 IST" name="quitBrowser" finished-at="2021-11-13T19:28:43 IST" duration-ms="135" status="PASS">
          <reporter-output>
          </reporter-output>
        </test-method> <!-- quitBrowser -->
      </class> <!-- com.rapl.testcases.TestCasesPage -->
    </test> <!-- Default test -->
  </suite> <!-- Default suite -->
</testng-results>
